<?xml version="1.0" encoding="utf-8" standalone="no"?>
<!--This file represents the results of running a test suite-->
<test-results name="D:\Coding\trigger.net\src\Trigger.NET.Configuration.Tests\bin\Release\Trigger.NET.Configuration.Tests.dll" total="13" errors="0" failures="0" not-run="0" inconclusive="0" ignored="0" skipped="0" invalid="0" date="2014-07-20" time="18:17:05">
  <environment nunit-version="2.6.3.13283" clr-version="2.0.50727.8000" os-version="Microsoft Windows NT 6.2.9200.0" platform="Win32NT" cwd="D:\Coding\trigger.net\src" machine-name="METIS" user="Novakov" user-domain="METIS" />
  <culture-info current-culture="pl-PL" current-uiculture="pl-PL" />
  <test-suite type="Assembly" name="D:\Coding\trigger.net\src\Trigger.NET.Configuration.Tests\bin\Release\Trigger.NET.Configuration.Tests.dll" executed="True" result="Success" success="True" time="0.815" asserts="0">
    <results>
      <test-suite type="Namespace" name="Trigger" executed="True" result="Success" success="True" time="0.798" asserts="0">
        <results>
          <test-suite type="Namespace" name="NET" executed="True" result="Success" success="True" time="0.798" asserts="0">
            <results>
              <test-suite type="Namespace" name="Configuration" executed="True" result="Success" success="True" time="0.798" asserts="0">
                <results>
                  <test-suite type="Namespace" name="Tests" executed="True" result="Success" success="True" time="0.797" asserts="0">
                    <results>
                      <test-suite type="TestFixture" name="JobParserTests" executed="True" result="Success" success="True" time="0.146" asserts="0">
                        <results>
                          <test-suite type="ParameterizedTest" name="CanHandleIntervalJobDefinition" executed="True" result="Success" success="True" time="0.120" asserts="0">
                            <results>
                              <test-case name="Trigger.NET.Configuration.Tests.JobParserTests.CanHandleIntervalJobDefinition(00:00:01)" executed="True" result="Success" success="True" time="0.103" asserts="3" />
                              <test-case name="Trigger.NET.Configuration.Tests.JobParserTests.CanHandleIntervalJobDefinition(00:00:05)" executed="True" result="Success" success="True" time="0.000" asserts="3" />
                              <test-case name="Trigger.NET.Configuration.Tests.JobParserTests.CanHandleIntervalJobDefinition(00:02:00)" executed="True" result="Success" success="True" time="0.000" asserts="3" />
                              <test-case name="Trigger.NET.Configuration.Tests.JobParserTests.CanHandleIntervalJobDefinition(00:00:00.5000000)" executed="True" result="Success" success="True" time="0.000" asserts="3" />
                              <test-case name="Trigger.NET.Configuration.Tests.JobParserTests.CanHandleIntervalJobDefinition(1.00:00:00)" executed="True" result="Success" success="True" time="0.000" asserts="3" />
                              <test-case name="Trigger.NET.Configuration.Tests.JobParserTests.CanHandleIntervalJobDefinition(13.21:00:00)" executed="True" result="Success" success="True" time="0.000" asserts="3" />
                            </results>
                          </test-suite>
                          <test-case name="Trigger.NET.Configuration.Tests.JobParserTests.CanHandleOtherWaitSources" executed="True" result="Success" success="True" time="0.005" asserts="5" />
                          <test-case name="Trigger.NET.Configuration.Tests.JobParserTests.ForMissingArugmentThrowsException" executed="True" result="Success" success="True" time="0.007" asserts="0" />
                          <test-case name="Trigger.NET.Configuration.Tests.JobParserTests.ForNotIJobShouldThrowException" executed="True" result="Success" success="True" time="0.001" asserts="0" />
                        </results>
                      </test-suite>
                      <test-suite type="TestFixture" name="JsonConfigurationTests" executed="True" result="Success" success="True" time="0.001" asserts="0">
                        <results>
                          <test-case name="Trigger.NET.Configuration.Tests.JsonConfigurationTests.ShouldConfigureFromFile" executed="True" result="Success" success="True" time="0.000" asserts="0" />
                        </results>
                      </test-suite>
                      <test-suite type="TestFixture" name="XmlConfigurationTests" executed="True" result="Success" success="True" time="0.645" asserts="0">
                        <results>
                          <test-case name="Trigger.NET.Configuration.Tests.XmlConfigurationTests.ForCoupleJobDefinitionsShouldConfigureCoupleJobs" executed="True" result="Success" success="True" time="0.612" asserts="0" />
                          <test-case name="Trigger.NET.Configuration.Tests.XmlConfigurationTests.ForValidXmlShouldAddJob" executed="True" result="Success" success="True" time="0.009" asserts="0" />
                          <test-case name="Trigger.NET.Configuration.Tests.XmlConfigurationTests.ShouldConfigureFromFile" executed="True" result="Success" success="True" time="0.011" asserts="0" />
                        </results>
                      </test-suite>
                    </results>
                  </test-suite>
                </results>
              </test-suite>
            </results>
          </test-suite>
        </results>
      </test-suite>
    </results>
  </test-suite>
</test-results>